2023.08.07 14:21:23 INFO  Started: Metals version 1.0.0 in folders 'D:\UCSC\Ticketo' for client Visual Studio Code 1.81.0.
Aug 07, 2023 2:21:23 PM org.flywaydb.core.internal.license.VersionPrinter printVersionOnly
INFO: Flyway Community Edition 9.20.1 by Redgate
Aug 07, 2023 2:21:23 PM org.flywaydb.core.internal.license.VersionPrinter printVersion
INFO: See release notes here: https://rd.gt/416ObMi
Aug 07, 2023 2:21:23 PM org.flywaydb.core.internal.license.VersionPrinter printVersion
INFO: 
Aug 07, 2023 2:21:24 PM org.flywaydb.core.internal.database.base.BaseDatabaseType createDatabase
INFO: Database: jdbc:h2:file:D:\UCSC\Ticketo\.metals\metals (H2 2.1)
Aug 07, 2023 2:21:24 PM org.flywaydb.core.internal.schemahistory.JdbcTableSchemaHistory allAppliedMigrations
INFO: Schema history table "PUBLIC"."flyway_schema_history" does not exist yet
Aug 07, 2023 2:21:24 PM org.flywaydb.core.internal.command.DbValidate validate
INFO: Successfully validated 4 migrations (execution time 00:00.028s)
Aug 07, 2023 2:21:24 PM org.flywaydb.core.internal.schemahistory.JdbcTableSchemaHistory create
INFO: Creating Schema History table "PUBLIC"."flyway_schema_history" ...
Aug 07, 2023 2:21:24 PM org.flywaydb.core.internal.command.DbMigrate migrateGroup
INFO: Current version of schema "PUBLIC": << Empty Schema >>
Aug 07, 2023 2:21:24 PM org.flywaydb.core.internal.command.DbMigrate doMigrateGroup
INFO: Migrating schema "PUBLIC" to version "1 - Create tables"
Aug 07, 2023 2:21:24 PM org.flywaydb.core.internal.command.DbMigrate doMigrateGroup
INFO: Migrating schema "PUBLIC" to version "2 - Server discovery"
Aug 07, 2023 2:21:24 PM org.flywaydb.core.internal.command.DbMigrate doMigrateGroup
INFO: Migrating schema "PUBLIC" to version "3 - Jar symbols"
Aug 07, 2023 2:21:24 PM org.flywaydb.core.internal.command.DbMigrate doMigrateGroup
INFO: Migrating schema "PUBLIC" to version "4 - Fingerprints"
Aug 07, 2023 2:21:24 PM org.flywaydb.core.internal.command.DbMigrate logSummary
INFO: Successfully applied 4 migrations to schema "PUBLIC", now at version v4 (execution time 00:00.042s)
2023.08.07 14:21:24 INFO  time: initialize in 0.94s
2023.08.07 14:21:35 WARN  Build server is not auto-connectable.
2023.08.07 14:21:35 WARN  no build tool detected in workspace 'D:\UCSC\Ticketo'. The most common cause for this problem is that the editor was opened in the wrong working directory, for example if you use sbt then the workspace directory should contain build.sbt. 
Aug 07, 2023 6:56:40 PM org.eclipse.lsp4j.jsonrpc.services.GenericEndpoint notify
INFO: Unsupported notification method: $/setTrace
2023.08.07 19:26:40 INFO  Shutting down server
2023.08.07 19:26:40 INFO  shutting down Metals
2023.08.07 19:26:40 INFO  Exiting server
